
0.0 Segundos>
0.0 Segundos>
0.0 Segundos>
0.0 Segundos>
0.0 Segundos>
0.0 Segundos>Controlador de execução do SIMAN.

0.001 Segundos>
0.001 Segundos>
0.001 Segundos>
0.001 Segundos>
0.001 Segundos>Controlador de execução do SIMAN.

0.0012996693 Segundos>
0.0012996693 Segundos>
0.0012996693 Segundos>
0.0012996693 Segundos>
0.0012996693 Segundos>
0.0012996693 Segundos>Controlador de execução do SIMAN.

0.0022996693 Segundos>
0.0022996693 Segundos>
0.0022996693 Segundos>
0.0022996693 Segundos>
0.0022996693 Segundos>Controlador de execução do SIMAN.

0.0025993386 Segundos>
0.0025993386 Segundos>
0.0025993386 Segundos>
0.0025993386 Segundos>
0.0025993386 Segundos>
0.0025993386 Segundos>Controlador de execução do SIMAN.

0.0035993386 Segundos>
0.0035993386 Segundos>
0.0035993386 Segundos>
0.0035993386 Segundos>
0.0035993386 Segundos>Controlador de execução do SIMAN.

0.0038990079 Segundos>
0.0038990079 Segundos>
0.0038990079 Segundos>
                                      ARENA Simulation Results
                         alex.davis.neuwiem@grad.ufsc.br - License: STUDENT

                                  Sumário para Replicação 1 de 10

Projeto: MS3                                                         Data da execução :12/ 8/2024
Analista: alex.davis.neuwiem@grad.ufsc.br                             Data de revisão do modelo:12/ 8/2024

Replicação terminada no tempo de      : 0.0038990079 Segundos 
Unidade de Tempo Base: Segundos

                                           VARIÁVEIS DE REGISTRO

Identificador                                  Média   Meia Largura  Mínimo    Máximo   Observações
___________________________________________________________________________________________________

mensagem.VATime                                 --         --         --         --          0
mensagem.NVATime                                --         --         --         --          0
mensagem.WaitTime                               --         --         --         --          0
mensagem.TranTime                               --         --         --         --          0
mensagem.OtherTime                              --         --         --         --          0
mensagem.TotalTime                              --         --         --         --          0
Mensagem utiliza o barramento.Queue.Waitin  .00000     (Insuf)    .00000     .00000          3    
Mensagem eh processada.Queue.WaitingTime    .00000     (Insuf)    .00000     .00000          3    
Repassa o token.Queue.WaitingTime               --         --         --         --          0

                                     VARIÁVEIS DISCRETAS

Identificador                                 Média   Meia Largura  Mínimo    Máximo   Valor Final
___________________________________________________________________________________________________

possui_token Value                          1.0000     (Insuf)    1.0000     1.0000     1.0000    
mensagem.WIP                                1.0000     (Insuf)    .00000     1.0000     1.0000    
Maquina 1.NumberBusy                        .25648     (Insuf)    .00000     1.0000     .00000    
Maquina 1.NumberScheduled                   1.0000     (Insuf)    1.0000     1.0000     1.0000    
Maquina 1.Utilization                       .25648     (Insuf)    .00000     1.0000     .00000    
Maquina 3.NumberBusy                        .25648     (Insuf)    .00000     1.0000     .00000    
Maquina 3.NumberScheduled                   1.0000     (Insuf)    1.0000     1.0000     1.0000    
Maquina 3.Utilization                       .25648     (Insuf)    .00000     1.0000     .00000    
Maquina 2.NumberBusy                        .25648     (Insuf)    .00000     1.0000     .00000    
Maquina 2.NumberScheduled                   1.0000     (Insuf)    1.0000     1.0000     1.0000    
Maquina 2.Utilization                       .25648     (Insuf)    .00000     1.0000     .00000    
Maquina 5.NumberBusy                        .00000     (Insuf)    .00000     .00000     .00000    
Maquina 5.NumberScheduled                   1.0000     (Insuf)    1.0000     1.0000     1.0000    
Maquina 5.Utilization                       .00000     (Insuf)    .00000     .00000     .00000    
Maquina 4.NumberBusy                        .00000     (Insuf)    .00000     .00000     .00000    
Maquina 4.NumberScheduled                   1.0000     (Insuf)    1.0000     1.0000     1.0000    
Maquina 4.Utilization                       .00000     (Insuf)    .00000     .00000     .00000    
Maquina 7.NumberBusy                        .00000     (Insuf)    .00000     .00000     .00000    
Maquina 7.NumberScheduled                   1.0000     (Insuf)    1.0000     1.0000     1.0000    
Maquina 7.Utilization                       .00000     (Insuf)    .00000     .00000     .00000    
Maquina 6.NumberBusy                        .00000     (Insuf)    .00000     .00000     .00000    
Maquina 6.NumberScheduled                   1.0000     (Insuf)    1.0000     1.0000     1.0000    
Maquina 6.Utilization                       .00000     (Insuf)    .00000     .00000     .00000    
Maquina 8.NumberBusy                        .00000     (Insuf)    .00000     .00000     .00000    
Maquina 8.NumberScheduled                   1.0000     (Insuf)    1.0000     1.0000     1.0000    
Maquina 8.Utilization                       .00000     (Insuf)    .00000     .00000     .00000    
barramento 8.NumberBusy                     .00000     (Insuf)    .00000     .00000     .00000    
barramento 8.NumberScheduled                1.0000     (Insuf)    1.0000     1.0000     1.0000    
barramento 8.Utilization                    .00000     (Insuf)    .00000     .00000     .00000    
barramento 7.NumberBusy                     .00000     (Insuf)    .00000     .00000     .00000    
barramento 7.NumberScheduled                1.0000     (Insuf)    1.0000     1.0000     1.0000    
barramento 7.Utilization                    .00000     (Insuf)    .00000     .00000     .00000    
barramento 6.NumberBusy                     .00000     (Insuf)    .00000     .00000     .00000    
barramento 6.NumberScheduled                1.0000     (Insuf)    1.0000     1.0000     1.0000    
barramento 6.Utilization                    .00000     (Insuf)    .00000     .00000     .00000    
barramento 5.NumberBusy                     .00000     (Insuf)    .00000     .00000     .00000    
barramento 5.NumberScheduled                1.0000     (Insuf)    1.0000     1.0000     1.0000    
barramento 5.Utilization                    .00000     (Insuf)    .00000     .00000     .00000    
barramento 4.NumberBusy                     .00000     (Insuf)    .00000     .00000     .00000    
barramento 4.NumberScheduled                1.0000     (Insuf)    1.0000     1.0000     1.0000    
barramento 4.Utilization                    .00000     (Insuf)    .00000     .00000     .00000    
barramento 3.NumberBusy                     .07686     (Insuf)    .00000     1.0000     .00000    
barramento 3.NumberScheduled                1.0000     (Insuf)    1.0000     1.0000     1.0000    
barramento 3.Utilization                    .07686     (Insuf)    .00000     1.0000     .00000    
barramento 2.NumberBusy                     .07686     (Insuf)    .00000     1.0000     .00000    
barramento 2.NumberScheduled                1.0000     (Insuf)    1.0000     1.0000     1.0000    
barramento 2.Utilization                    .07686     (Insuf)    .00000     1.0000     .00000    
barramento 1.NumberBusy                     .07686     (Insuf)    .00000     1.0000     .00000    
barramento 1.NumberScheduled                1.0000     (Insuf)    1.0000     1.0000     1.0000    
barramento 1.Utilization                    .07686     (Insuf)    .00000     1.0000     .00000    
Mensagem utiliza o barramento.Queue.Number  .00000     (Insuf)    .00000     .00000     .00000    
Mensagem eh processada.Queue.NumberInQueue  .00000     (Insuf)    .00000     .00000     .00000    
Repassa o token.Queue.NumberInQueue         .00000     (Insuf)    .00000     .00000     .00000    

                                             CONTADORES

Identificador                                    Limite Contagem
_____________________________________________________________

Mensagens respondidas                             0  Infinite

                                             RESULTADOS

Identificador                                   Valor
_____________________________________________________________

mensagem.NumberIn                           1.0000    
mensagem.NumberOut                          .00000    
Maquina 1.NumberSeized                      1.0000    
Maquina 1.ScheduledUtilization              .25648    
Maquina 3.NumberSeized                      1.0000    
Maquina 3.ScheduledUtilization              .25648    
Maquina 2.NumberSeized                      1.0000    
Maquina 2.ScheduledUtilization              .25648    
Maquina 5.NumberSeized                      .00000    
Maquina 5.ScheduledUtilization              .00000    
Maquina 4.NumberSeized                      .00000    
Maquina 4.ScheduledUtilization              .00000    
Maquina 7.NumberSeized                      .00000    
Maquina 7.ScheduledUtilization              .00000    
Maquina 6.NumberSeized                      .00000    
Maquina 6.ScheduledUtilization              .00000    
Maquina 8.NumberSeized                      .00000    
Maquina 8.ScheduledUtilization              .00000    
barramento 8.NumberSeized                   .00000    
barramento 8.ScheduledUtilization           .00000    
barramento 7.NumberSeized                   .00000    
barramento 7.ScheduledUtilization           .00000    
barramento 6.NumberSeized                   .00000    
barramento 6.ScheduledUtilization           .00000    
barramento 5.NumberSeized                   .00000    
barramento 5.ScheduledUtilization           .00000    
barramento 4.NumberSeized                   .00000    
barramento 4.ScheduledUtilization           .00000    
barramento 3.NumberSeized                   1.0000    
barramento 3.ScheduledUtilization           .07686    
barramento 2.NumberSeized                   1.0000    
barramento 2.ScheduledUtilization           .07686    
barramento 1.NumberSeized                   1.0000    
barramento 1.ScheduledUtilization           .07686    
System.NumberOut                            .00000    

